{"/Users/zhaozhaoqi/个人资料/素材工具插件/learning学习/工程化/08-test/src/03-mocha.js":{"path":"/Users/zhaozhaoqi/个人资料/素材工具插件/learning学习/工程化/08-test/src/03-mocha.js","s":{"1":1,"2":1,"3":1,"4":1,"5":1,"6":1,"7":0,"8":1,"9":1},"b":{},"f":{"1":1,"2":1},"fnMap":{"1":{"name":"(anonymous_1)","line":6,"loc":{"start":{"line":6,"column":18},"end":{"line":6,"column":29}}},"2":{"name":"(anonymous_2)","line":7,"loc":{"start":{"line":7,"column":22},"end":{"line":7,"column":33}}}},"statementMap":{"1":{"start":{"line":2,"column":0},"end":{"line":2,"column":32}},"2":{"start":{"line":3,"column":0},"end":{"line":3,"column":13}},"3":{"start":{"line":4,"column":0},"end":{"line":4,"column":21}},"4":{"start":{"line":6,"column":0},"end":{"line":11,"column":2}},"5":{"start":{"line":7,"column":2},"end":{"line":10,"column":4}},"6":{"start":{"line":8,"column":4},"end":{"line":8,"column":66}},"7":{"start":{"line":8,"column":45},"end":{"line":8,"column":65}},"8":{"start":{"line":9,"column":4},"end":{"line":9,"column":64}},"9":{"start":{"line":9,"column":36},"end":{"line":9,"column":63}}},"branchMap":{}}}